<<<<<<< HEAD
\BOOKMARK [0][-]{chapter.1}{Task 1}{}% 1
\BOOKMARK [1][-]{section.1.1}{Statement of Problem}{chapter.1}% 2
\BOOKMARK [1][-]{section.1.2}{Hypotheses and Theories}{chapter.1}% 3
\BOOKMARK [1][-]{section.1.3}{Solution of the Problem}{chapter.1}% 4
\BOOKMARK [1][-]{section.1.4}{Conclusion}{chapter.1}% 5
\BOOKMARK [0][-]{chapter.2}{Task 2}{}% 6
\BOOKMARK [1][-]{section.2.1}{Statement of Problem}{chapter.2}% 7
\BOOKMARK [1][-]{section.2.2}{Hypotheses and Theories}{chapter.2}% 8
\BOOKMARK [1][-]{section.2.3}{Solution of the Problem}{chapter.2}% 9
\BOOKMARK [1][-]{section.2.4}{Conclusion}{chapter.2}% 10
\BOOKMARK [0][-]{section*.17}{Appendices}{}% 11
\BOOKMARK [1][-]{section.a..1}{MATLAB Calculations}{section*.17}% 12
=======
\BOOKMARK [1][-]{section.1}{Statement of Problem}{}% 1
\BOOKMARK [1][-]{section.2}{Hypotheses and Theories}{}% 2
\BOOKMARK [1][-]{section.3}{Solution of the Problem}{}% 3
\BOOKMARK [1][-]{section.4}{Conclusion}{}% 4
\BOOKMARK [1][-]{section.5}{Statement of Problem}{}% 5
\BOOKMARK [1][-]{section.6}{Hypotheses and Theories}{}% 6
\BOOKMARK [1][-]{section.7}{Solution of the Problem}{}% 7
\BOOKMARK [1][-]{section.8}{Conclusion}{}% 8
\BOOKMARK [1][-]{section*.11}{Appendices}{}% 9
\BOOKMARK [1][-]{Appendix.a.A}{MATLAB Calculations}{}% 10
>>>>>>> FETCH_HEAD
